<?xml version="1.0" encoding="UTF-8"?>
<coverage generated="1619134349453" clover="3.2.0">
  <project timestamp="1619134349454" name="All files">
    <metrics statements="12" coveredstatements="12" conditionals="5" coveredconditionals="4" methods="2" coveredmethods="2" elements="19" coveredelements="18" complexity="0" loc="12" ncloc="12" packages="1" files="2" classes="2"/>
    <file name="Player.js" path="/Users/Jayliz/Desktop/projects/jest-rpg/lib/Player.js">
      <metrics statements="6" coveredstatements="6" conditionals="1" coveredconditionals="0" methods="1" coveredmethods="1"/>
      <line num="1" count="1" type="stmt"/>
      <line num="3" count="1" type="stmt"/>
      <line num="5" count="1" type="stmt"/>
      <line num="6" count="1" type="stmt"/>
      <line num="7" count="1" type="stmt"/>
      <line num="10" count="1" type="stmt"/>
    </file>
    <file name="Potion.js" path="/Users/Jayliz/Desktop/projects/jest-rpg/lib/Potion.js">
      <metrics statements="6" coveredstatements="6" conditionals="4" coveredconditionals="4" methods="1" coveredmethods="1"/>
      <line num="2" count="2" type="stmt"/>
      <line num="3" count="2" type="cond" truecount="2" falsecount="0"/>
      <line num="5" count="2" type="cond" truecount="2" falsecount="0"/>
      <line num="6" count="1" type="stmt"/>
      <line num="8" count="1" type="stmt"/>
      <line num="12" count="1" type="stmt"/>
    </file>
  </project>
</coverage>
