{"/Users/Jayliz/Desktop/projects/jest-rpg/lib/random.js": {"path":"/Users/Jayliz/Desktop/projects/jest-rpg/lib/random.js","statementMap":{"0":{"start":{"line":1,"column":0},"end":{"line":1,"column":31}}},"fnMap":{"0":{"name":"(anonymous_0)","decl":{"start":{"line":1,"column":17},"end":{"line":1,"column":18}},"loc":{"start":{"line":1,"column":28},"end":{"line":1,"column":30}},"line":1}},"branchMap":{},"s":{"0":1},"f":{"0":1},"b":{},"_coverageSchema":"1a1c01bbd47fc00a2c39e90264f33305004495a9","hash":"e364a8110d9298b713dd9837229647a10e15b4b1"}
}
