{"/Users/Jayliz/Desktop/projects/jest-rpg/lib/Player.js": {"path":"/Users/Jayliz/Desktop/projects/jest-rpg/lib/Player.js","statementMap":{"0":{"start":{"line":1,"column":15},"end":{"line":1,"column":39}},"1":{"start":{"line":3,"column":4},"end":{"line":3,"column":21}},"2":{"start":{"line":5,"column":4},"end":{"line":5,"column":54}},"3":{"start":{"line":6,"column":2},"end":{"line":6,"column":52}},"4":{"start":{"line":7,"column":2},"end":{"line":7,"column":51}},"5":{"start":{"line":9,"column":2},"end":{"line":9,"column":56}},"6":{"start":{"line":12,"column":0},"end":{"line":19,"column":2}},"7":{"start":{"line":13,"column":2},"end":{"line":18,"column":4}},"8":{"start":{"line":21,"column":0},"end":{"line":26,"column":2}},"9":{"start":{"line":22,"column":2},"end":{"line":24,"column":3}},"10":{"start":{"line":23,"column":4},"end":{"line":23,"column":26}},"11":{"start":{"line":25,"column":2},"end":{"line":25,"column":15}},"12":{"start":{"line":30,"column":2},"end":{"line":30,"column":26}}},"fnMap":{"0":{"name":"Player","decl":{"start":{"line":2,"column":9},"end":{"line":2,"column":15}},"loc":{"start":{"line":2,"column":31},"end":{"line":10,"column":1}},"line":2},"1":{"name":"(anonymous_1)","decl":{"start":{"line":12,"column":28},"end":{"line":12,"column":29}},"loc":{"start":{"line":12,"column":39},"end":{"line":19,"column":1}},"line":12},"2":{"name":"(anonymous_2)","decl":{"start":{"line":21,"column":32},"end":{"line":21,"column":33}},"loc":{"start":{"line":21,"column":43},"end":{"line":26,"column":1}},"line":21}},"branchMap":{"0":{"loc":{"start":{"line":2,"column":16},"end":{"line":2,"column":29}},"type":"default-arg","locations":[{"start":{"line":2,"column":23},"end":{"line":2,"column":29}}],"line":2},"1":{"loc":{"start":{"line":22,"column":2},"end":{"line":24,"column":3}},"type":"if","locations":[{"start":{"line":22,"column":2},"end":{"line":24,"column":3}},{"start":{"line":22,"column":2},"end":{"line":24,"column":3}}],"line":22}},"s":{"0":1,"1":3,"2":3,"3":3,"4":3,"5":3,"6":1,"7":4,"8":1,"9":2,"10":1,"11":1,"12":1},"f":{"0":3,"1":4,"2":2},"b":{"0":[0],"1":[1,1]},"_coverageSchema":"1a1c01bbd47fc00a2c39e90264f33305004495a9","hash":"438cf67fbc013f50376a5f66d3f9bda3e5d2cb04"}
,"/Users/Jayliz/Desktop/projects/jest-rpg/lib/Potion.js": {"path":"/Users/Jayliz/Desktop/projects/jest-rpg/lib/Potion.js","statementMap":{"0":{"start":{"line":2,"column":4},"end":{"line":2,"column":51}},"1":{"start":{"line":3,"column":4},"end":{"line":3,"column":82}},"2":{"start":{"line":5,"column":4},"end":{"line":9,"column":5}},"3":{"start":{"line":6,"column":6},"end":{"line":6,"column":55}},"4":{"start":{"line":8,"column":6},"end":{"line":8,"column":53}},"5":{"start":{"line":12,"column":2},"end":{"line":12,"column":26}}},"fnMap":{"0":{"name":"Potion","decl":{"start":{"line":1,"column":9},"end":{"line":1,"column":15}},"loc":{"start":{"line":1,"column":22},"end":{"line":10,"column":3}},"line":1}},"branchMap":{"0":{"loc":{"start":{"line":3,"column":16},"end":{"line":3,"column":81}},"type":"binary-expr","locations":[{"start":{"line":3,"column":16},"end":{"line":3,"column":20}},{"start":{"line":3,"column":24},"end":{"line":3,"column":81}}],"line":3},"1":{"loc":{"start":{"line":5,"column":4},"end":{"line":9,"column":5}},"type":"if","locations":[{"start":{"line":5,"column":4},"end":{"line":9,"column":5}},{"start":{"line":5,"column":4},"end":{"line":9,"column":5}}],"line":5}},"s":{"0":2,"1":2,"2":2,"3":1,"4":1,"5":1},"f":{"0":2},"b":{"0":[2,1],"1":[1,1]},"_coverageSchema":"1a1c01bbd47fc00a2c39e90264f33305004495a9","hash":"5d78adcc23bc181ca33129aa0222ed79a577be16"}
}
