TN:
SF:lib/Player.js
FN:2,Player
FN:12,(anonymous_1)
FN:21,(anonymous_2)
FN:28,(anonymous_3)
FN:32,(anonymous_4)
FN:39,(anonymous_5)
FN:47,(anonymous_6)
FN:54,(anonymous_7)
FN:58,(anonymous_8)
FNF:9
FNH:9
FNDA:9,Player
FNDA:4,(anonymous_1)
FNDA:3,(anonymous_2)
FNDA:1,(anonymous_3)
FNDA:2,(anonymous_4)
FNDA:2,(anonymous_5)
FNDA:2,(anonymous_6)
FNDA:1,(anonymous_7)
FNDA:1,(anonymous_8)
DA:1,1
DA:3,9
DA:5,9
DA:6,9
DA:7,9
DA:9,9
DA:12,1
DA:13,4
DA:21,1
DA:22,3
DA:23,2
DA:25,1
DA:28,1
DA:29,1
DA:32,1
DA:33,2
DA:34,1
DA:36,1
DA:39,1
DA:40,2
DA:42,2
DA:43,1
DA:47,1
DA:48,2
DA:49,2
DA:51,2
DA:54,1
DA:55,1
DA:58,1
DA:59,1
DA:61,1
DA:63,0
DA:64,0
DA:66,1
DA:67,1
DA:69,0
DA:70,0
DA:74,1
LF:38
LH:34
BRDA:2,0,0,0
BRDA:22,1,0,2
BRDA:22,1,1,1
BRDA:33,2,0,1
BRDA:33,2,1,1
BRDA:42,3,0,1
BRDA:42,3,1,1
BRDA:61,4,0,0
BRDA:61,4,1,1
BRDA:61,4,2,0
BRF:10
BRH:7
end_of_record
TN:
SF:lib/Potion.js
FN:1,Potion
FNF:1
FNH:1
FNDA:2,Potion
DA:2,2
DA:3,2
DA:5,2
DA:6,2
DA:8,0
DA:12,1
LF:6
LH:5
BRDA:3,0,0,2
BRDA:3,0,1,1
BRDA:5,1,0,2
BRDA:5,1,1,0
BRF:4
BRH:3
end_of_record
