TN:
SF:lib/Player.js
FN:2,Player
FN:12,(anonymous_1)
FN:21,(anonymous_2)
FNF:3
FNH:3
FNDA:3,Player
FNDA:4,(anonymous_1)
FNDA:2,(anonymous_2)
DA:1,1
DA:3,3
DA:5,3
DA:6,3
DA:7,3
DA:9,3
DA:12,1
DA:13,4
DA:21,1
DA:22,2
DA:23,1
DA:25,1
DA:30,1
LF:13
LH:13
BRDA:2,0,0,0
BRDA:22,1,0,1
BRDA:22,1,1,1
BRF:3
BRH:2
end_of_record
TN:
SF:lib/Potion.js
FN:1,Potion
FNF:1
FNH:1
FNDA:2,Potion
DA:2,2
DA:3,2
DA:5,2
DA:6,1
DA:8,1
DA:12,1
LF:6
LH:6
BRDA:3,0,0,2
BRDA:3,0,1,1
BRDA:5,1,0,1
BRDA:5,1,1,1
BRF:4
BRH:4
end_of_record
